Arguments: 
  /Users/mochamadakbar/.nvm/versions/node/v18.14.2/bin/node /Users/mochamadakbar/.nvm/versions/node/v18.14.2/bin/yarn init

PATH: 
  /opt/homebrew/opt/protobuf@3/bin:/Users/mochamadakbar/.rbenv/shims:/Users/mochamadakbar/.rbenv/bin:/Users/mochamadakbar/.nvm/versions/node/v18.14.2/bin:/opt/homebrew/bin:/opt/homebrew/sbin:/usr/local/bin:/System/Cryptexes/App/usr/bin:/usr/bin:/bin:/usr/sbin:/sbin:/usr/local/go/bin:/Library/Apple/usr/bin:/Users/mochamadakbar/Backend/Go/bin:/usr/local/go/bin:/Users/mochamadakbar/Backend/Go/bin/wire:/Users/mochamadakbar/.rvm/bin

Yarn version: 
  1.22.19

Node version: 
  18.14.2

Platform: 
  darwin arm64

Trace: 
  Error: canceled
      at Interface.<anonymous> (/Users/mochamadakbar/.nvm/versions/node/v18.14.2/lib/node_modules/yarn/lib/cli.js:137150:13)
      at Interface.emit (node:events:513:28)
      at [_ttyWrite] [as _ttyWrite] (node:internal/readline/interface:1130:18)
      at ReadStream.onkeypress (node:internal/readline/interface:270:20)
      at ReadStream.emit (node:events:513:28)
      at emitKeys (node:internal/readline/utils:357:14)
      at emitKeys.next (<anonymous>)
      at ReadStream.onData (node:internal/readline/emitKeypressEvents:64:36)
      at ReadStream.emit (node:events:513:28)
      at addChunk (node:internal/streams/readable:324:12)

npm manifest: 
  No manifest

yarn manifest: 
  No manifest

Lockfile: 
  No lockfile
